[INFO] Scanning for projects...
[INFO] 
[INFO] --< org.springframework.samples.petclinic.api:spring-petclinic-api-gateway >--
[INFO] Building spring-petclinic-api-gateway 4.0.1
[INFO]   from pom.xml
[INFO] --------------------------------[ jar ]---------------------------------
[INFO] 
[INFO] >>> spring-boot:4.0.1:run (default-cli) > test-compile @ spring-petclinic-api-gateway >>>
[INFO] 
[INFO] --- enforcer:3.6.2:enforce (enforce-java) @ spring-petclinic-api-gateway ---
[INFO] Rule 0: org.apache.maven.enforcer.rules.version.RequireJavaVersion passed
[INFO] 
[INFO] --- git-commit-id:9.0.2:revision (default) @ spring-petclinic-api-gateway ---
[INFO] dotGitDirectory '/Users/tungdo/Code/Learn/SRE/spring-petclinic-microservices/.git'
[INFO] Collected git.build.user.name with value 
[INFO] Collected git.build.user.email with value 
[INFO] Collected git.branch with value main
[INFO] Collected git.commit.id.describe with value df4d693-dirty
[INFO] Collected git.commit.id.describe-short with value df4d693-dirty
[INFO] Collected git.commit.id with value df4d6931f55076800d3decf53bab7a12919ec3e1
[INFO] Collected git.commit.id.abbrev with value df4d693
[INFO] Collected git.dirty with value true
[INFO] Collected git.commit.user.name with value Tung Do Thanh
[INFO] Collected git.commit.user.email with value tungdo@Tungs-Mac-mini.local
[INFO] Collected git.commit.message.full with value add show-services script
[INFO] Collected git.commit.message.short with value add show-services script
[INFO] Collected git.commit.time with value 2026-06-07T22:56:16+0700
[INFO] Collected git.commit.author.time with value 2026-06-07T22:56:16+0700
[INFO] Collected git.commit.committer.time with value 2026-06-07T22:56:16+0700
[INFO] Collected git.remote.origin.url with value git@github.com:tungnc2012/spring-petclinic-microservices.git
[INFO] Collected git.tags with value 
[INFO] Collected git.tag with value 
[INFO] Collected git.closest.tag.name with value 
[INFO] Collected git.closest.tag.commit.count with value 
[INFO] Collected git.total.commit.count with value 765
[INFO] Collected git.local.branch.ahead with value 0
[INFO] Collected git.local.branch.behind with value 0
[INFO] Collected git.build.time with value 2026-06-07T23:38:02+0700
[INFO] Collected git.build.version with value 4.0.1
[INFO] Collected git.build.host with value Tungs-Mac-mini.local
[INFO] including property 'git.tags' in results
[INFO] including property 'git.build.version' in results
[INFO] including property 'git.branch' in results
[INFO] including property 'git.build.host' in results
[INFO] including property 'git.commit.id' in results
[INFO] including property 'git.commit.user.email' in results
[INFO] including property 'git.local.branch.behind' in results
[INFO] including property 'git.commit.author.time' in results
[INFO] including property 'git.build.user.name' in results
[INFO] including property 'git.dirty' in results
[INFO] including property 'git.closest.tag.commit.count' in results
[INFO] including property 'git.commit.user.name' in results
[INFO] including property 'git.commit.id.abbrev' in results
[INFO] including property 'git.commit.id.describe-short' in results
[INFO] including property 'git.total.commit.count' in results
[INFO] including property 'git.commit.id.describe' in results
[INFO] including property 'git.build.user.email' in results
[INFO] including property 'git.commit.message.short' in results
[INFO] including property 'git.commit.committer.time' in results
[INFO] including property 'git.tag' in results
[INFO] including property 'git.closest.tag.name' in results
[INFO] including property 'git.local.branch.ahead' in results
[INFO] including property 'git.commit.time' in results
[INFO] including property 'git.build.time' in results
[INFO] including property 'git.commit.message.full' in results
[INFO] including property 'git.remote.origin.url' in results
[INFO] Reading existing properties file [/Users/tungdo/Code/Learn/SRE/spring-petclinic-microservices/spring-petclinic-api-gateway/target/classes/git.properties] (for project spring-petclinic-api-gateway)...
[INFO] Writing properties file [/Users/tungdo/Code/Learn/SRE/spring-petclinic-microservices/spring-petclinic-api-gateway/target/classes/git.properties] (for project spring-petclinic-api-gateway)...
[INFO] 
[INFO] --- spring-boot:4.0.1:build-info (default) @ spring-petclinic-api-gateway ---
[INFO] 
[INFO] --- resources:3.3.1:resources (default-resources) @ spring-petclinic-api-gateway ---
[INFO] Copying 1 resource from src/main/resources to target/classes
[INFO] Copying 58 resources from src/main/resources to target/classes
[INFO] 
[INFO] --- compiler:3.14.1:compile (default-compile) @ spring-petclinic-api-gateway ---
[INFO] Nothing to compile - all classes are up to date.
[INFO] 
[INFO] --- resources:3.3.1:testResources (default-testResources) @ spring-petclinic-api-gateway ---
[INFO] Copying 1 resource from src/test/resources to target/test-classes
[INFO] 
[INFO] --- compiler:3.14.1:testCompile (default-testCompile) @ spring-petclinic-api-gateway ---
[INFO] Nothing to compile - all classes are up to date.
[INFO] 
[INFO] <<< spring-boot:4.0.1:run (default-cli) < test-compile @ spring-petclinic-api-gateway <<<
[INFO] 
[INFO] 
[INFO] --- spring-boot:4.0.1:run (default-cli) @ spring-petclinic-api-gateway ---
[INFO] Attaching agents: []
23:38:05,722 |-WARN in ch.qos.logback.core.model.processor.ImplicitModelHandler - Ignoring unknown property [jmxConfigurator] in [ch.qos.logback.classic.LoggerContext]

  .   ____          _            __ _ _
 /\\ / ___'_ __ _ _(_)_ __  __ _ \ \ \ \
( ( )\___ | '_ | '_| | '_ \/ _` | \ \ \ \
 \\/  ___)| |_)| | | | | || (_| |  ) ) ) )
  '  |____| .__|_| |_|_| |_\__, | / / / /
 =========|_|==============|___/=/_/_/_/

 :: Spring Boot ::                (v4.0.1)

2026-06-07T23:38:05.765+07:00  INFO 34005 --- [api-gateway] [  restartedMain] [                                                 ] o.s.s.p.api.ApiGatewayApplication        : Starting ApiGatewayApplication using Java 23.0.2 with PID 34005 (/Users/tungdo/Code/Learn/SRE/spring-petclinic-microservices/spring-petclinic-api-gateway/target/classes started by tungdo in /Users/tungdo/Code/Learn/SRE/spring-petclinic-microservices/spring-petclinic-api-gateway)
2026-06-07T23:38:05.766+07:00  INFO 34005 --- [api-gateway] [  restartedMain] [                                                 ] o.s.s.p.api.ApiGatewayApplication        : No active profile set, falling back to 1 default profile: "default"
2026-06-07T23:38:05.782+07:00  INFO 34005 --- [api-gateway] [  restartedMain] [                                                 ] o.s.c.c.c.ConfigServerConfigDataLoader   : Fetching config from server at : http://localhost:8888/
2026-06-07T23:38:05.782+07:00  INFO 34005 --- [api-gateway] [  restartedMain] [                                                 ] o.s.c.c.c.ConfigServerConfigDataLoader   : Located environment: name=api-gateway, profiles=[default], label=null, version=323993ce2519c6d02df63e08bf4458d123d3b611, state=
2026-06-07T23:38:05.783+07:00  INFO 34005 --- [api-gateway] [  restartedMain] [                                                 ] .e.DevToolsPropertyDefaultsPostProcessor : Devtools property defaults active! Set 'spring.devtools.add-properties' to 'false' to disable
2026-06-07T23:38:06.256+07:00  INFO 34005 --- [api-gateway] [  restartedMain] [                                                 ] o.s.cloud.context.scope.GenericScope     : BeanFactory id=58c7b8c2-6cea-3330-b69a-f765793ce27e
2026-06-07T23:38:07.507+07:00  INFO 34005 --- [api-gateway] [  restartedMain] [                                                 ] o.s.cloud.commons.util.InetUtils         : Cannot determine local hostname
2026-06-07T23:38:07.632+07:00  INFO 34005 --- [api-gateway] [  restartedMain] [                                                 ] o.s.c.g.r.RouteDefinitionRouteLocator    : Loaded RoutePredicateFactory [After]
2026-06-07T23:38:07.632+07:00  INFO 34005 --- [api-gateway] [  restartedMain] [                                                 ] o.s.c.g.r.RouteDefinitionRouteLocator    : Loaded RoutePredicateFactory [Before]
2026-06-07T23:38:07.632+07:00  INFO 34005 --- [api-gateway] [  restartedMain] [                                                 ] o.s.c.g.r.RouteDefinitionRouteLocator    : Loaded RoutePredicateFactory [Between]
2026-06-07T23:38:07.632+07:00  INFO 34005 --- [api-gateway] [  restartedMain] [                                                 ] o.s.c.g.r.RouteDefinitionRouteLocator    : Loaded RoutePredicateFactory [Cookie]
2026-06-07T23:38:07.632+07:00  INFO 34005 --- [api-gateway] [  restartedMain] [                                                 ] o.s.c.g.r.RouteDefinitionRouteLocator    : Loaded RoutePredicateFactory [Header]
2026-06-07T23:38:07.632+07:00  INFO 34005 --- [api-gateway] [  restartedMain] [                                                 ] o.s.c.g.r.RouteDefinitionRouteLocator    : Loaded RoutePredicateFactory [Host]
2026-06-07T23:38:07.632+07:00  INFO 34005 --- [api-gateway] [  restartedMain] [                                                 ] o.s.c.g.r.RouteDefinitionRouteLocator    : Loaded RoutePredicateFactory [Method]
2026-06-07T23:38:07.632+07:00  INFO 34005 --- [api-gateway] [  restartedMain] [                                                 ] o.s.c.g.r.RouteDefinitionRouteLocator    : Loaded RoutePredicateFactory [Path]
2026-06-07T23:38:07.633+07:00  INFO 34005 --- [api-gateway] [  restartedMain] [                                                 ] o.s.c.g.r.RouteDefinitionRouteLocator    : Loaded RoutePredicateFactory [Query]
2026-06-07T23:38:07.633+07:00  INFO 34005 --- [api-gateway] [  restartedMain] [                                                 ] o.s.c.g.r.RouteDefinitionRouteLocator    : Loaded RoutePredicateFactory [ReadBody]
2026-06-07T23:38:07.633+07:00  INFO 34005 --- [api-gateway] [  restartedMain] [                                                 ] o.s.c.g.r.RouteDefinitionRouteLocator    : Loaded RoutePredicateFactory [RemoteAddr]
2026-06-07T23:38:07.633+07:00  INFO 34005 --- [api-gateway] [  restartedMain] [                                                 ] o.s.c.g.r.RouteDefinitionRouteLocator    : Loaded RoutePredicateFactory [Version]
2026-06-07T23:38:07.633+07:00  INFO 34005 --- [api-gateway] [  restartedMain] [                                                 ] o.s.c.g.r.RouteDefinitionRouteLocator    : Loaded RoutePredicateFactory [XForwardedRemoteAddr]
2026-06-07T23:38:07.633+07:00  INFO 34005 --- [api-gateway] [  restartedMain] [                                                 ] o.s.c.g.r.RouteDefinitionRouteLocator    : Loaded RoutePredicateFactory [Weight]
2026-06-07T23:38:07.633+07:00  INFO 34005 --- [api-gateway] [  restartedMain] [                                                 ] o.s.c.g.r.RouteDefinitionRouteLocator    : Loaded RoutePredicateFactory [CloudFoundryRouteService]
2026-06-07T23:38:08.695+07:00  INFO 34005 --- [api-gateway] [  restartedMain] [                                                 ] o.s.cloud.commons.util.InetUtils         : Cannot determine local hostname
2026-06-07T23:38:09.725+07:00  INFO 34005 --- [api-gateway] [  restartedMain] [                                                 ] o.s.cloud.commons.util.InetUtils         : Cannot determine local hostname
2026-06-07T23:38:09.786+07:00  INFO 34005 --- [api-gateway] [  restartedMain] [                                                 ] o.s.b.a.e.web.EndpointLinksResolver      : Exposing 31 endpoints beneath base path '/actuator'
2026-06-07T23:38:09.910+07:00  INFO 34005 --- [api-gateway] [  restartedMain] [                                                 ] DiscoveryClientOptionalArgsConfiguration : Eureka HTTP Client uses RestClient.
2026-06-07T23:38:09.953+07:00  INFO 34005 --- [api-gateway] [  restartedMain] [                                                 ] o.s.c.n.eureka.InstanceInfoFactory       : Setting initial instance status as: STARTING
2026-06-07T23:38:09.960+07:00  INFO 34005 --- [api-gateway] [  restartedMain] [                                                 ] com.netflix.discovery.DiscoveryClient    : Initializing Eureka in region us-east-1
2026-06-07T23:38:09.962+07:00  INFO 34005 --- [api-gateway] [  restartedMain] [                                                 ] c.n.d.s.r.aws.ConfigClusterResolver      : Resolving eureka endpoints via configuration
2026-06-07T23:38:09.964+07:00  INFO 34005 --- [api-gateway] [  restartedMain] [                                                 ] com.netflix.discovery.DiscoveryClient    : Disable delta property : false
2026-06-07T23:38:09.965+07:00  INFO 34005 --- [api-gateway] [  restartedMain] [                                                 ] com.netflix.discovery.DiscoveryClient    : Single vip registry refresh property : null
2026-06-07T23:38:09.965+07:00  INFO 34005 --- [api-gateway] [  restartedMain] [                                                 ] com.netflix.discovery.DiscoveryClient    : Force full registry fetch : false
2026-06-07T23:38:09.965+07:00  INFO 34005 --- [api-gateway] [  restartedMain] [                                                 ] com.netflix.discovery.DiscoveryClient    : Application is null : false
2026-06-07T23:38:09.965+07:00  INFO 34005 --- [api-gateway] [  restartedMain] [                                                 ] com.netflix.discovery.DiscoveryClient    : Registered Applications size is zero : true
2026-06-07T23:38:09.965+07:00  INFO 34005 --- [api-gateway] [  restartedMain] [                                                 ] com.netflix.discovery.DiscoveryClient    : Application version is -1: true
2026-06-07T23:38:09.965+07:00  INFO 34005 --- [api-gateway] [  restartedMain] [                                                 ] com.netflix.discovery.DiscoveryClient    : Getting all instance registry info from the eureka server
2026-06-07T23:38:10.051+07:00  INFO 34005 --- [api-gateway] [  restartedMain] [                                                 ] com.netflix.discovery.DiscoveryClient    : The response status is 200
2026-06-07T23:38:10.052+07:00  INFO 34005 --- [api-gateway] [  restartedMain] [                                                 ] com.netflix.discovery.DiscoveryClient    : Starting heartbeat executor: renew interval is: 30
2026-06-07T23:38:10.052+07:00  INFO 34005 --- [api-gateway] [  restartedMain] [                                                 ] c.n.discovery.InstanceInfoReplicator     : InstanceInfoReplicator onDemand update allowed rate per min is 4
2026-06-07T23:38:10.052+07:00  INFO 34005 --- [api-gateway] [  restartedMain] [                                                 ] com.netflix.discovery.DiscoveryClient    : Discovery Client initialized at timestamp 1780850290052 with initial instances count: 1
2026-06-07T23:38:10.054+07:00  INFO 34005 --- [api-gateway] [  restartedMain] [                                                 ] o.s.c.n.e.s.EurekaServiceRegistry        : Registering application API-GATEWAY with eureka with status UP
2026-06-07T23:38:10.054+07:00  INFO 34005 --- [api-gateway] [  restartedMain] [                                                 ] com.netflix.discovery.DiscoveryClient    : Saw local status change event StatusChangeEvent [timestamp=1780850290054, current=UP, previous=STARTING]
2026-06-07T23:38:10.054+07:00  INFO 34005 --- [api-gateway] [foReplicator-%d] [                                                 ] com.netflix.discovery.DiscoveryClient    : DiscoveryClient_API-GATEWAY/localhost:api-gateway:8080: registering service...
2026-06-07T23:38:10.071+07:00  INFO 34005 --- [api-gateway] [foReplicator-%d] [                                                 ] com.netflix.discovery.DiscoveryClient    : DiscoveryClient_API-GATEWAY/localhost:api-gateway:8080 - registration status: 204
2026-06-07T23:38:10.124+07:00  INFO 34005 --- [api-gateway] [  restartedMain] [                                                 ] o.s.boot.reactor.netty.NettyWebServer    : Netty started on port 8080 (http)
2026-06-07T23:38:10.125+07:00  INFO 34005 --- [api-gateway] [  restartedMain] [                                                 ] .s.c.n.e.s.EurekaAutoServiceRegistration : Updating port to 8080
2026-06-07T23:38:11.131+07:00  INFO 34005 --- [api-gateway] [  restartedMain] [                                                 ] o.s.cloud.commons.util.InetUtils         : Cannot determine local hostname
2026-06-07T23:38:12.139+07:00  INFO 34005 --- [api-gateway] [  restartedMain] [                                                 ] o.s.cloud.commons.util.InetUtils         : Cannot determine local hostname
2026-06-07T23:38:12.159+07:00  INFO 34005 --- [api-gateway] [  restartedMain] [                                                 ] o.s.s.p.api.ApiGatewayApplication        : Started ApiGatewayApplication in 8.725 seconds (process running for 8.979)
2026-06-07T23:40:33.894+07:00 ERROR 34005 --- [api-gateway] [ctor-http-nio-7] [6a259f01800526260bd414a96c7aed58-0bd414a96c7aed58] i.n.r.d.DnsServerAddressStreamProviders  : Unable to load io.netty.resolver.dns.macos.MacOSDnsServerAddressStreamProvider, fallback to system defaults. This may result in incorrect DNS resolutions on MacOS. Check whether you have a dependency on 'io.netty:netty-resolver-dns-native-macos'. Use DEBUG level to see the full stack: java.lang.UnsatisfiedLinkError: failed to load the required native library
2026-06-07T23:40:34.720+07:00  WARN 34005 --- [api-gateway] [/api/v2/spans}}] [                                                 ] z.r.i.AsyncReporter$BoundedAsyncReporter : Spans were dropped due to exceptions. All subsequent errors will be logged at FINE level.
2026-06-07T23:40:34.720+07:00  WARN 34005 --- [api-gateway] [/api/v2/spans}}] [                                                 ] z.r.i.AsyncReporter$BoundedAsyncReporter : Dropped 41 spans due to ConnectException()

java.net.ConnectException
	at java.net.http/jdk.internal.net.http.HttpClientImpl.send(HttpClientImpl.java:956)
	at java.net.http/jdk.internal.net.http.HttpClientFacade.send(HttpClientFacade.java:133)
	at org.springframework.boot.zipkin.autoconfigure.ZipkinHttpClientSender.postSpans(ZipkinHttpClientSender.java:59)
	at org.springframework.boot.zipkin.autoconfigure.HttpSender.postSpans(HttpSender.java:69)
	at org.springframework.boot.zipkin.autoconfigure.HttpSender.postSpans(HttpSender.java:41)
	at zipkin2.reporter.BaseHttpSender.send(BaseHttpSender.java:123)
	at zipkin2.reporter.internal.AsyncReporter$BoundedAsyncReporter.flush(AsyncReporter.java:266)
	at zipkin2.reporter.internal.AsyncReporter$Flusher.run(AsyncReporter.java:352)
	at java.base/java.lang.Thread.run(Thread.java:1575)
Caused by: java.net.ConnectException
	at java.net.http/jdk.internal.net.http.common.Utils.toConnectException(Utils.java:1082)
	at java.net.http/jdk.internal.net.http.PlainHttpConnection.connectAsync(PlainHttpConnection.java:227)
	at java.net.http/jdk.internal.net.http.PlainHttpConnection.checkRetryConnect(PlainHttpConnection.java:280)
	at java.net.http/jdk.internal.net.http.PlainHttpConnection.lambda$connectAsync$2(PlainHttpConnection.java:238)
	at java.base/java.util.concurrent.CompletableFuture.uniHandle(CompletableFuture.java:978)
	at java.base/java.util.concurrent.CompletableFuture$UniHandle.tryFire(CompletableFuture.java:955)
	at java.base/java.util.concurrent.CompletableFuture.postComplete(CompletableFuture.java:554)
	at java.base/java.util.concurrent.CompletableFuture$AsyncSupply.run(CompletableFuture.java:1817)
	at java.base/java.util.concurrent.ThreadPoolExecutor.runWorker(ThreadPoolExecutor.java:1144)
	at java.base/java.util.concurrent.ThreadPoolExecutor$Worker.run(ThreadPoolExecutor.java:642)
	... 1 common frames omitted
Caused by: java.nio.channels.ClosedChannelException
	at java.base/sun.nio.ch.SocketChannelImpl.ensureOpen(SocketChannelImpl.java:204)
	at java.base/sun.nio.ch.SocketChannelImpl.connect(SocketChannelImpl.java:958)
	at java.net.http/jdk.internal.net.http.PlainHttpConnection.lambda$connectAsync$1(PlainHttpConnection.java:210)
	at java.base/java.security.AccessController.doPrivileged(AccessController.java:571)
	at java.net.http/jdk.internal.net.http.PlainHttpConnection.connectAsync(PlainHttpConnection.java:212)
	... 9 common frames omitted

2026-06-07T23:41:14.647+07:00  WARN 34005 --- [api-gateway] [ctor-http-nio-7] [6a259f2aaf3e6d547c550b3e1938e5b1-7c550b3e1938e5b1] i.m.o.c.ObservationThreadLocalAccessor   : Observation <{name=http.server.requests(null), error=null, context=name='http.server.requests', contextualName='null', error='null', lowCardinalityKeyValues=[exception='none', method='GET', outcome='SUCCESS', status='200', uri='UNKNOWN'], highCardinalityKeyValues=[http.url='/api/gateway/owners/10'], map=[class io.micrometer.core.instrument.Timer$Sample='io.micrometer.core.instrument.Timer$Sample@19fbf2b5', class io.micrometer.tracing.handler.TracingObservationHandler$TracingContext='TracingContext{span=6a259f2aaf3e6d547c550b3e1938e5b1/7c550b3e1938e5b1}', class io.micrometer.core.instrument.LongTaskTimer$Sample='SampleImpl{duration(seconds)=0.025888917, duration(nanos)=2.5888917E7, startTimeNanos=857291713129208}'], parentObservation=null}> to which we're restoring is not the same as the one set as this scope's parent observation <null>. Most likely a manually created Observation has a scope opened that was never closed. This may lead to thread polluting and memory leaks.
2026-06-07T23:41:14.652+07:00  WARN 34005 --- [api-gateway] [ctor-http-nio-7] [                                                 ] i.m.o.c.ObservationThreadLocalAccessor   : There is no current scope in thread local. This situation should not happen
2026-06-07T23:41:14.652+07:00  WARN 34005 --- [api-gateway] [ctor-http-nio-7] [                                                 ] i.m.o.c.ObservationThreadLocalAccessor   : Observation <{name=http.server.requests(null), error=null, context=name='http.server.requests', contextualName='null', error='null', lowCardinalityKeyValues=[exception='none', method='GET', outcome='SUCCESS', status='200', uri='UNKNOWN'], highCardinalityKeyValues=[http.url='/api/gateway/owners/10'], map=[class io.micrometer.core.instrument.Timer$Sample='io.micrometer.core.instrument.Timer$Sample@19fbf2b5', class io.micrometer.tracing.handler.TracingObservationHandler$TracingContext='TracingContext{span=6a259f2aaf3e6d547c550b3e1938e5b1/7c550b3e1938e5b1}', class io.micrometer.core.instrument.LongTaskTimer$Sample='SampleImpl{duration(seconds)=0.031088667, duration(nanos)=3.1088667E7, startTimeNanos=857291713129208}'], parentObservation=null}> to which we're restoring is not the same as the one set as this scope's parent observation <null>. Most likely a manually created Observation has a scope opened that was never closed. This may lead to thread polluting and memory leaks.
2026-06-07T23:41:14.694+07:00  WARN 34005 --- [api-gateway] [ctor-http-nio-7] [6a259f2aaf3e6d547c550b3e1938e5b1-7c550b3e1938e5b1] i.m.o.c.ObservationThreadLocalAccessor   : Observation <{name=http.server.requests(null), error=null, context=name='http.server.requests', contextualName='null', error='null', lowCardinalityKeyValues=[exception='none', method='GET', outcome='SUCCESS', status='200', uri='UNKNOWN'], highCardinalityKeyValues=[http.url='/api/gateway/owners/10'], map=[class io.micrometer.core.instrument.Timer$Sample='io.micrometer.core.instrument.Timer$Sample@19fbf2b5', class io.micrometer.tracing.handler.TracingObservationHandler$TracingContext='TracingContext{span=6a259f2aaf3e6d547c550b3e1938e5b1/7c550b3e1938e5b1}', class io.micrometer.core.instrument.LongTaskTimer$Sample='SampleImpl{duration(seconds)=0.072382708, duration(nanos)=7.2382708E7, startTimeNanos=857291713129208}'], parentObservation=null}> to which we're restoring is not the same as the one set as this scope's parent observation <null>. Most likely a manually created Observation has a scope opened that was never closed. This may lead to thread polluting and memory leaks.
2026-06-07T23:41:14.694+07:00  WARN 34005 --- [api-gateway] [ctor-http-nio-7] [                                                 ] i.m.o.c.ObservationThreadLocalAccessor   : There is no current scope in thread local. This situation should not happen
2026-06-07T23:41:14.694+07:00  WARN 34005 --- [api-gateway] [ctor-http-nio-7] [                                                 ] i.m.o.c.ObservationThreadLocalAccessor   : Observation <{name=http.server.requests(null), error=null, context=name='http.server.requests', contextualName='null', error='null', lowCardinalityKeyValues=[exception='none', method='GET', outcome='SUCCESS', status='200', uri='UNKNOWN'], highCardinalityKeyValues=[http.url='/api/gateway/owners/10'], map=[class io.micrometer.core.instrument.Timer$Sample='io.micrometer.core.instrument.Timer$Sample@19fbf2b5', class io.micrometer.tracing.handler.TracingObservationHandler$TracingContext='TracingContext{span=6a259f2aaf3e6d547c550b3e1938e5b1/7c550b3e1938e5b1}', class io.micrometer.core.instrument.LongTaskTimer$Sample='SampleImpl{duration(seconds)=0.073370333, duration(nanos)=7.3370333E7, startTimeNanos=857291713129208}'], parentObservation=null}> to which we're restoring is not the same as the one set as this scope's parent observation <null>. Most likely a manually created Observation has a scope opened that was never closed. This may lead to thread polluting and memory leaks.
2026-06-07T23:41:14.695+07:00  WARN 34005 --- [api-gateway] [ctor-http-nio-7] [                                                 ] i.m.o.c.ObservationThreadLocalAccessor   : There is no current scope in thread local. This situation should not happen
2026-06-07T23:41:14.695+07:00  WARN 34005 --- [api-gateway] [ctor-http-nio-7] [                                                 ] i.m.o.c.ObservationThreadLocalAccessor   : Observation <{name=http.server.requests(null), error=null, context=name='http.server.requests', contextualName='null', error='null', lowCardinalityKeyValues=[exception='none', method='GET', outcome='SUCCESS', status='200', uri='UNKNOWN'], highCardinalityKeyValues=[http.url='/api/gateway/owners/10'], map=[class io.micrometer.core.instrument.Timer$Sample='io.micrometer.core.instrument.Timer$Sample@19fbf2b5', class io.micrometer.tracing.handler.TracingObservationHandler$TracingContext='TracingContext{span=6a259f2aaf3e6d547c550b3e1938e5b1/7c550b3e1938e5b1}', class io.micrometer.core.instrument.LongTaskTimer$Sample='SampleImpl{duration(seconds)=0.073504708, duration(nanos)=7.3504708E7, startTimeNanos=857291713129208}'], parentObservation=null}> to which we're restoring is not the same as the one set as this scope's parent observation <null>. Most likely a manually created Observation has a scope opened that was never closed. This may lead to thread polluting and memory leaks.
2026-06-07T23:41:14.695+07:00  WARN 34005 --- [api-gateway] [ctor-http-nio-7] [                                                 ] i.m.o.c.ObservationThreadLocalAccessor   : There is no current scope in thread local. This situation should not happen
2026-06-07T23:41:14.695+07:00  WARN 34005 --- [api-gateway] [ctor-http-nio-7] [                                                 ] i.m.o.c.ObservationThreadLocalAccessor   : Observation <{name=http.server.requests(null), error=null, context=name='http.server.requests', contextualName='null', error='null', lowCardinalityKeyValues=[exception='none', method='GET', outcome='SUCCESS', status='200', uri='UNKNOWN'], highCardinalityKeyValues=[http.url='/api/gateway/owners/10'], map=[class io.micrometer.core.instrument.Timer$Sample='io.micrometer.core.instrument.Timer$Sample@19fbf2b5', class io.micrometer.tracing.handler.TracingObservationHandler$TracingContext='TracingContext{span=6a259f2aaf3e6d547c550b3e1938e5b1/7c550b3e1938e5b1}', class io.micrometer.core.instrument.LongTaskTimer$Sample='SampleImpl{duration(seconds)=0.073584708, duration(nanos)=7.3584708E7, startTimeNanos=857291713129208}'], parentObservation=null}> to which we're restoring is not the same as the one set as this scope's parent observation <null>. Most likely a manually created Observation has a scope opened that was never closed. This may lead to thread polluting and memory leaks.
2026-06-07T23:41:14.695+07:00  WARN 34005 --- [api-gateway] [ctor-http-nio-7] [                                                 ] i.m.o.c.ObservationThreadLocalAccessor   : There is no current scope in thread local. This situation should not happen
2026-06-07T23:41:14.695+07:00  WARN 34005 --- [api-gateway] [ctor-http-nio-7] [                                                 ] i.m.o.c.ObservationThreadLocalAccessor   : Observation <{name=http.server.requests(null), error=null, context=name='http.server.requests', contextualName='null', error='null', lowCardinalityKeyValues=[exception='none', method='GET', outcome='SUCCESS', status='200', uri='UNKNOWN'], highCardinalityKeyValues=[http.url='/api/gateway/owners/10'], map=[class io.micrometer.core.instrument.Timer$Sample='io.micrometer.core.instrument.Timer$Sample@19fbf2b5', class io.micrometer.tracing.handler.TracingObservationHandler$TracingContext='TracingContext{span=6a259f2aaf3e6d547c550b3e1938e5b1/7c550b3e1938e5b1}', class io.micrometer.core.instrument.LongTaskTimer$Sample='SampleImpl{duration(seconds)=0.073676875, duration(nanos)=7.3676875E7, startTimeNanos=857291713129208}'], parentObservation=null}> to which we're restoring is not the same as the one set as this scope's parent observation <null>. Most likely a manually created Observation has a scope opened that was never closed. This may lead to thread polluting and memory leaks.
2026-06-07T23:41:21.279+07:00  WARN 34005 --- [api-gateway] [ctor-http-nio-7] [6a259f31d12ec1cc4ab2f2278077b9ca-4ab2f2278077b9ca] i.m.o.c.ObservationThreadLocalAccessor   : Observation <{name=http.server.requests(null), error=null, context=name='http.server.requests', contextualName='null', error='null', lowCardinalityKeyValues=[exception='none', method='GET', outcome='SUCCESS', status='200', uri='UNKNOWN'], highCardinalityKeyValues=[http.url='/api/gateway/owners/10'], map=[class io.micrometer.core.instrument.Timer$Sample='io.micrometer.core.instrument.Timer$Sample@4ef6371e', class io.micrometer.tracing.handler.TracingObservationHandler$TracingContext='TracingContext{span=6a259f31d12ec1cc4ab2f2278077b9ca/4ab2f2278077b9ca}', class io.micrometer.core.instrument.LongTaskTimer$Sample='SampleImpl{duration(seconds)=0.003351292, duration(nanos)=3351292.0, startTimeNanos=857298367974458}'], parentObservation=null}> to which we're restoring is not the same as the one set as this scope's parent observation <null>. Most likely a manually created Observation has a scope opened that was never closed. This may lead to thread polluting and memory leaks.
2026-06-07T23:41:21.281+07:00  WARN 34005 --- [api-gateway] [ctor-http-nio-7] [                                                 ] i.m.o.c.ObservationThreadLocalAccessor   : There is no current scope in thread local. This situation should not happen
2026-06-07T23:41:21.282+07:00  WARN 34005 --- [api-gateway] [ctor-http-nio-7] [                                                 ] i.m.o.c.ObservationThreadLocalAccessor   : Observation <{name=http.server.requests(null), error=null, context=name='http.server.requests', contextualName='null', error='null', lowCardinalityKeyValues=[exception='none', method='GET', outcome='SUCCESS', status='200', uri='UNKNOWN'], highCardinalityKeyValues=[http.url='/api/gateway/owners/10'], map=[class io.micrometer.core.instrument.Timer$Sample='io.micrometer.core.instrument.Timer$Sample@4ef6371e', class io.micrometer.tracing.handler.TracingObservationHandler$TracingContext='TracingContext{span=6a259f31d12ec1cc4ab2f2278077b9ca/4ab2f2278077b9ca}', class io.micrometer.core.instrument.LongTaskTimer$Sample='SampleImpl{duration(seconds)=0.005819917, duration(nanos)=5819917.0, startTimeNanos=857298367974458}'], parentObservation=null}> to which we're restoring is not the same as the one set as this scope's parent observation <null>. Most likely a manually created Observation has a scope opened that was never closed. This may lead to thread polluting and memory leaks.
2026-06-07T23:41:21.291+07:00  WARN 34005 --- [api-gateway] [ctor-http-nio-7] [6a259f31d12ec1cc4ab2f2278077b9ca-4ab2f2278077b9ca] i.m.o.c.ObservationThreadLocalAccessor   : Observation <{name=http.server.requests(null), error=null, context=name='http.server.requests', contextualName='null', error='null', lowCardinalityKeyValues=[exception='none', method='GET', outcome='SUCCESS', status='200', uri='UNKNOWN'], highCardinalityKeyValues=[http.url='/api/gateway/owners/10'], map=[class io.micrometer.core.instrument.Timer$Sample='io.micrometer.core.instrument.Timer$Sample@4ef6371e', class io.micrometer.tracing.handler.TracingObservationHandler$TracingContext='TracingContext{span=6a259f31d12ec1cc4ab2f2278077b9ca/4ab2f2278077b9ca}', class io.micrometer.core.instrument.LongTaskTimer$Sample='SampleImpl{duration(seconds)=0.014683042, duration(nanos)=1.4683042E7, startTimeNanos=857298367974458}'], parentObservation=null}> to which we're restoring is not the same as the one set as this scope's parent observation <null>. Most likely a manually created Observation has a scope opened that was never closed. This may lead to thread polluting and memory leaks.
2026-06-07T23:41:21.291+07:00  WARN 34005 --- [api-gateway] [ctor-http-nio-7] [                                                 ] i.m.o.c.ObservationThreadLocalAccessor   : There is no current scope in thread local. This situation should not happen
2026-06-07T23:41:21.291+07:00  WARN 34005 --- [api-gateway] [ctor-http-nio-7] [                                                 ] i.m.o.c.ObservationThreadLocalAccessor   : Observation <{name=http.server.requests(null), error=null, context=name='http.server.requests', contextualName='null', error='null', lowCardinalityKeyValues=[exception='none', method='GET', outcome='SUCCESS', status='200', uri='UNKNOWN'], highCardinalityKeyValues=[http.url='/api/gateway/owners/10'], map=[class io.micrometer.core.instrument.Timer$Sample='io.micrometer.core.instrument.Timer$Sample@4ef6371e', class io.micrometer.tracing.handler.TracingObservationHandler$TracingContext='TracingContext{span=6a259f31d12ec1cc4ab2f2278077b9ca/4ab2f2278077b9ca}', class io.micrometer.core.instrument.LongTaskTimer$Sample='SampleImpl{duration(seconds)=0.015153083, duration(nanos)=1.5153083E7, startTimeNanos=857298367974458}'], parentObservation=null}> to which we're restoring is not the same as the one set as this scope's parent observation <null>. Most likely a manually created Observation has a scope opened that was never closed. This may lead to thread polluting and memory leaks.
2026-06-07T23:41:21.291+07:00  WARN 34005 --- [api-gateway] [ctor-http-nio-7] [                                                 ] i.m.o.c.ObservationThreadLocalAccessor   : There is no current scope in thread local. This situation should not happen
2026-06-07T23:41:21.291+07:00  WARN 34005 --- [api-gateway] [ctor-http-nio-7] [                                                 ] i.m.o.c.ObservationThreadLocalAccessor   : Observation <{name=http.server.requests(null), error=null, context=name='http.server.requests', contextualName='null', error='null', lowCardinalityKeyValues=[exception='none', method='GET', outcome='SUCCESS', status='200', uri='UNKNOWN'], highCardinalityKeyValues=[http.url='/api/gateway/owners/10'], map=[class io.micrometer.core.instrument.Timer$Sample='io.micrometer.core.instrument.Timer$Sample@4ef6371e', class io.micrometer.tracing.handler.TracingObservationHandler$TracingContext='TracingContext{span=6a259f31d12ec1cc4ab2f2278077b9ca/4ab2f2278077b9ca}', class io.micrometer.core.instrument.LongTaskTimer$Sample='SampleImpl{duration(seconds)=0.015463458, duration(nanos)=1.5463458E7, startTimeNanos=857298367974458}'], parentObservation=null}> to which we're restoring is not the same as the one set as this scope's parent observation <null>. Most likely a manually created Observation has a scope opened that was never closed. This may lead to thread polluting and memory leaks.
2026-06-07T23:41:21.292+07:00  WARN 34005 --- [api-gateway] [ctor-http-nio-7] [                                                 ] i.m.o.c.ObservationThreadLocalAccessor   : There is no current scope in thread local. This situation should not happen
2026-06-07T23:41:21.293+07:00  WARN 34005 --- [api-gateway] [ctor-http-nio-7] [                                                 ] i.m.o.c.ObservationThreadLocalAccessor   : Observation <{name=http.server.requests(null), error=null, context=name='http.server.requests', contextualName='null', error='null', lowCardinalityKeyValues=[exception='none', method='GET', outcome='SUCCESS', status='200', uri='UNKNOWN'], highCardinalityKeyValues=[http.url='/api/gateway/owners/10'], map=[class io.micrometer.core.instrument.Timer$Sample='io.micrometer.core.instrument.Timer$Sample@4ef6371e', class io.micrometer.tracing.handler.TracingObservationHandler$TracingContext='TracingContext{span=6a259f31d12ec1cc4ab2f2278077b9ca/4ab2f2278077b9ca}', class io.micrometer.core.instrument.LongTaskTimer$Sample='SampleImpl{duration(seconds)=0.016822, duration(nanos)=1.6822E7, startTimeNanos=857298367974458}'], parentObservation=null}> to which we're restoring is not the same as the one set as this scope's parent observation <null>. Most likely a manually created Observation has a scope opened that was never closed. This may lead to thread polluting and memory leaks.
2026-06-07T23:41:21.293+07:00  WARN 34005 --- [api-gateway] [ctor-http-nio-7] [                                                 ] i.m.o.c.ObservationThreadLocalAccessor   : There is no current scope in thread local. This situation should not happen
2026-06-07T23:41:21.293+07:00  WARN 34005 --- [api-gateway] [ctor-http-nio-7] [                                                 ] i.m.o.c.ObservationThreadLocalAccessor   : Observation <{name=http.server.requests(null), error=null, context=name='http.server.requests', contextualName='null', error='null', lowCardinalityKeyValues=[exception='none', method='GET', outcome='SUCCESS', status='200', uri='UNKNOWN'], highCardinalityKeyValues=[http.url='/api/gateway/owners/10'], map=[class io.micrometer.core.instrument.Timer$Sample='io.micrometer.core.instrument.Timer$Sample@4ef6371e', class io.micrometer.tracing.handler.TracingObservationHandler$TracingContext='TracingContext{span=6a259f31d12ec1cc4ab2f2278077b9ca/4ab2f2278077b9ca}', class io.micrometer.core.instrument.LongTaskTimer$Sample='SampleImpl{duration(seconds)=0.017233375, duration(nanos)=1.7233375E7, startTimeNanos=857298367974458}'], parentObservation=null}> to which we're restoring is not the same as the one set as this scope's parent observation <null>. Most likely a manually created Observation has a scope opened that was never closed. This may lead to thread polluting and memory leaks.
2026-06-07T23:41:21.293+07:00  WARN 34005 --- [api-gateway] [ctor-http-nio-7] [                                                 ] i.m.o.c.ObservationThreadLocalAccessor   : There is no current scope in thread local. This situation should not happen
2026-06-07T23:41:21.293+07:00  WARN 34005 --- [api-gateway] [ctor-http-nio-7] [                                                 ] i.m.o.c.ObservationThreadLocalAccessor   : Observation <{name=http.server.requests(null), error=null, context=name='http.server.requests', contextualName='null', error='null', lowCardinalityKeyValues=[exception='none', method='GET', outcome='SUCCESS', status='200', uri='UNKNOWN'], highCardinalityKeyValues=[http.url='/api/gateway/owners/10'], map=[class io.micrometer.core.instrument.Timer$Sample='io.micrometer.core.instrument.Timer$Sample@4ef6371e', class io.micrometer.tracing.handler.TracingObservationHandler$TracingContext='TracingContext{span=6a259f31d12ec1cc4ab2f2278077b9ca/4ab2f2278077b9ca}', class io.micrometer.core.instrument.LongTaskTimer$Sample='SampleImpl{duration(seconds)=0.017348375, duration(nanos)=1.7348375E7, startTimeNanos=857298367974458}'], parentObservation=null}> to which we're restoring is not the same as the one set as this scope's parent observation <null>. Most likely a manually created Observation has a scope opened that was never closed. This may lead to thread polluting and memory leaks.
2026-06-07T23:41:21.293+07:00  WARN 34005 --- [api-gateway] [ctor-http-nio-7] [                                                 ] i.m.o.c.ObservationThreadLocalAccessor   : There is no current scope in thread local. This situation should not happen
2026-06-07T23:41:21.293+07:00  WARN 34005 --- [api-gateway] [ctor-http-nio-7] [                                                 ] i.m.o.c.ObservationThreadLocalAccessor   : Observation <{name=http.server.requests(null), error=null, context=name='http.server.requests', contextualName='null', error='null', lowCardinalityKeyValues=[exception='none', method='GET', outcome='SUCCESS', status='200', uri='UNKNOWN'], highCardinalityKeyValues=[http.url='/api/gateway/owners/10'], map=[class io.micrometer.core.instrument.Timer$Sample='io.micrometer.core.instrument.Timer$Sample@4ef6371e', class io.micrometer.tracing.handler.TracingObservationHandler$TracingContext='TracingContext{span=6a259f31d12ec1cc4ab2f2278077b9ca/4ab2f2278077b9ca}', class io.micrometer.core.instrument.LongTaskTimer$Sample='SampleImpl{duration(seconds)=0.017453292, duration(nanos)=1.7453292E7, startTimeNanos=857298367974458}'], parentObservation=null}> to which we're restoring is not the same as the one set as this scope's parent observation <null>. Most likely a manually created Observation has a scope opened that was never closed. This may lead to thread polluting and memory leaks.
2026-06-07T23:43:09.968+07:00  INFO 34005 --- [api-gateway] [rap-executor-%d] [                                                 ] c.n.d.s.r.aws.ConfigClusterResolver      : Resolving eureka endpoints via configuration
2026-06-07T23:48:09.969+07:00  INFO 34005 --- [api-gateway] [rap-executor-%d] [                                                 ] c.n.d.s.r.aws.ConfigClusterResolver      : Resolving eureka endpoints via configuration
