[INFO] Scanning for projects...
[INFO] 
[INFO] --< org.springframework.samples.petclinic.config:spring-petclinic-config-server >--
[INFO] Building spring-petclinic-config-server 4.0.1
[INFO]   from pom.xml
[INFO] --------------------------------[ jar ]---------------------------------
[INFO] 
[INFO] >>> spring-boot:4.0.1:run (default-cli) > test-compile @ spring-petclinic-config-server >>>
[INFO] 
[INFO] --- enforcer:3.6.2:enforce (enforce-java) @ spring-petclinic-config-server ---
[INFO] Rule 0: org.apache.maven.enforcer.rules.version.RequireJavaVersion passed
[INFO] 
[INFO] --- git-commit-id:9.0.2:revision (default) @ spring-petclinic-config-server ---
[INFO] dotGitDirectory '/Users/tungdo/Code/Learn/SRE/spring-petclinic-microservices/.git'
[INFO] Collected git.build.user.name with value 
[INFO] Collected git.build.user.email with value 
[INFO] Collected git.branch with value main
[INFO] Collected git.commit.id.describe with value 795fbe1-dirty
[INFO] Collected git.commit.id.describe-short with value 795fbe1-dirty
[INFO] Collected git.commit.id with value 795fbe1833c28e38a04edc174d3f272bb6528069
[INFO] Collected git.commit.id.abbrev with value 795fbe1
[INFO] Collected git.dirty with value true
[INFO] Collected git.commit.user.name with value Tung Do Thanh
[INFO] Collected git.commit.user.email with value tungdo@Tungs-Mac-mini.local
[INFO] Collected git.commit.message.full with value update scripts
[INFO] Collected git.commit.message.short with value update scripts
[INFO] Collected git.commit.time with value 2026-06-07T11:25:21+0700
[INFO] Collected git.commit.author.time with value 2026-06-07T11:25:21+0700
[INFO] Collected git.commit.committer.time with value 2026-06-07T11:25:21+0700
[INFO] Collected git.remote.origin.url with value git@github.com:tungnc2012/spring-petclinic-microservices.git
[INFO] Collected git.tags with value 
[INFO] Collected git.tag with value 
[INFO] Collected git.closest.tag.name with value 
[INFO] Collected git.closest.tag.commit.count with value 
[INFO] Collected git.total.commit.count with value 764
[INFO] Collected git.local.branch.ahead with value 0
[INFO] Collected git.local.branch.behind with value 0
[INFO] Collected git.build.time with value 2026-06-07T22:18:24+0700
[INFO] Collected git.build.version with value 4.0.1
[INFO] Collected git.build.host with value Tungs-Mac-mini.local
[INFO] including property 'git.tags' in results
[INFO] including property 'git.build.version' in results
[INFO] including property 'git.branch' in results
[INFO] including property 'git.build.host' in results
[INFO] including property 'git.commit.id' in results
[INFO] including property 'git.commit.user.email' in results
[INFO] including property 'git.local.branch.behind' in results
[INFO] including property 'git.commit.author.time' in results
[INFO] including property 'git.build.user.name' in results
[INFO] including property 'git.dirty' in results
[INFO] including property 'git.closest.tag.commit.count' in results
[INFO] including property 'git.commit.user.name' in results
[INFO] including property 'git.commit.id.abbrev' in results
[INFO] including property 'git.commit.id.describe-short' in results
[INFO] including property 'git.total.commit.count' in results
[INFO] including property 'git.commit.id.describe' in results
[INFO] including property 'git.build.user.email' in results
[INFO] including property 'git.commit.message.short' in results
[INFO] including property 'git.commit.committer.time' in results
[INFO] including property 'git.tag' in results
[INFO] including property 'git.closest.tag.name' in results
[INFO] including property 'git.local.branch.ahead' in results
[INFO] including property 'git.commit.time' in results
[INFO] including property 'git.build.time' in results
[INFO] including property 'git.commit.message.full' in results
[INFO] including property 'git.remote.origin.url' in results
[INFO] Reading existing properties file [/Users/tungdo/Code/Learn/SRE/spring-petclinic-microservices/spring-petclinic-config-server/target/classes/git.properties] (for project spring-petclinic-config-server)...
[INFO] Writing properties file [/Users/tungdo/Code/Learn/SRE/spring-petclinic-microservices/spring-petclinic-config-server/target/classes/git.properties] (for project spring-petclinic-config-server)...
[INFO] 
[INFO] --- spring-boot:4.0.1:build-info (default) @ spring-petclinic-config-server ---
[INFO] 
[INFO] --- resources:3.3.1:resources (default-resources) @ spring-petclinic-config-server ---
[INFO] Copying 1 resource from src/main/resources to target/classes
[INFO] Copying 1 resource from src/main/resources to target/classes
[INFO] 
[INFO] --- compiler:3.14.1:compile (default-compile) @ spring-petclinic-config-server ---
[INFO] Nothing to compile - all classes are up to date.
[INFO] 
[INFO] --- resources:3.3.1:testResources (default-testResources) @ spring-petclinic-config-server ---
[INFO] Copying 1 resource from src/test/resources to target/test-classes
[INFO] 
[INFO] --- compiler:3.14.1:testCompile (default-testCompile) @ spring-petclinic-config-server ---
[INFO] Nothing to compile - all classes are up to date.
[INFO] 
[INFO] <<< spring-boot:4.0.1:run (default-cli) < test-compile @ spring-petclinic-config-server <<<
[INFO] 
[INFO] 
[INFO] --- spring-boot:4.0.1:run (default-cli) @ spring-petclinic-config-server ---
[INFO] Attaching agents: []

  .   ____          _            __ _ _
 /\\ / ___'_ __ _ _(_)_ __  __ _ \ \ \ \
( ( )\___ | '_ | '_| | '_ \/ _` | \ \ \ \
 \\/  ___)| |_)| | | | | || (_| |  ) ) ) )
  '  |____| .__|_| |_|_| |_\__, | / / / /
 =========|_|==============|___/=/_/_/_/

 :: Spring Boot ::                (v4.0.1)

2026-06-07T22:18:26.174+07:00  INFO 26620 --- [           main] o.s.s.p.config.ConfigServerApplication   : Starting ConfigServerApplication using Java 23.0.2 with PID 26620 (/Users/tungdo/Code/Learn/SRE/spring-petclinic-microservices/spring-petclinic-config-server/target/classes started by tungdo in /Users/tungdo/Code/Learn/SRE/spring-petclinic-microservices/spring-petclinic-config-server)
2026-06-07T22:18:26.174+07:00  INFO 26620 --- [           main] o.s.s.p.config.ConfigServerApplication   : No active profile set, falling back to 1 default profile: "default"
2026-06-07T22:18:26.396+07:00  INFO 26620 --- [           main] o.s.cloud.context.scope.GenericScope     : BeanFactory id=6d1c9e9d-ef40-32be-9e63-ab5fef88f9b6
2026-06-07T22:18:26.482+07:00  INFO 26620 --- [           main] o.s.boot.tomcat.TomcatWebServer          : Tomcat initialized with port 8888 (http)
2026-06-07T22:18:26.487+07:00  INFO 26620 --- [           main] o.apache.catalina.core.StandardService   : Starting service [Tomcat]
2026-06-07T22:18:26.487+07:00  INFO 26620 --- [           main] o.apache.catalina.core.StandardEngine    : Starting Servlet engine: [Apache Tomcat/11.0.15]
2026-06-07T22:18:26.527+07:00  INFO 26620 --- [           main] b.w.c.s.WebApplicationContextInitializer : Root WebApplicationContext: initialization completed in 333 ms
2026-06-07T22:18:26.567+07:00  INFO 26620 --- [           main] o.s.b.w.a.WelcomePageHandlerMapping      : Adding welcome page: class path resource [static/index.html]
2026-06-07T22:18:27.683+07:00  INFO 26620 --- [           main] o.s.cloud.commons.util.InetUtils         : Cannot determine local hostname
2026-06-07T22:18:27.812+07:00  INFO 26620 --- [           main] o.s.boot.tomcat.TomcatWebServer          : Tomcat started on port 8888 (http) with context path '/'
2026-06-07T22:18:28.818+07:00  INFO 26620 --- [           main] o.s.cloud.commons.util.InetUtils         : Cannot determine local hostname
2026-06-07T22:18:28.826+07:00  INFO 26620 --- [           main] o.s.s.p.config.ConfigServerApplication   : Started ConfigServerApplication in 3.834 seconds (process running for 4.03)
2026-06-07T22:18:55.242+07:00  INFO 26620 --- [nio-8888-exec-1] o.a.c.c.C.[Tomcat].[localhost].[/]       : Initializing Spring DispatcherServlet 'dispatcherServlet'
2026-06-07T22:18:55.243+07:00  INFO 26620 --- [nio-8888-exec-1] o.s.web.servlet.DispatcherServlet        : Initializing Servlet 'dispatcherServlet'
2026-06-07T22:18:55.246+07:00  INFO 26620 --- [nio-8888-exec-1] o.s.web.servlet.DispatcherServlet        : Completed initialization in 3 ms
2026-06-07T22:18:57.898+07:00  INFO 26620 --- [nio-8888-exec-1] o.s.c.c.s.e.NativeEnvironmentRepository  : Adding property source: Config resource 'file [/var/folders/yf/wk08wrc96ms3r73m8679xzpc0000gn/T/config-repo-4762577752738346564/discovery-server.yml]' via location 'file:/var/folders/yf/wk08wrc96ms3r73m8679xzpc0000gn/T/config-repo-4762577752738346564/'
2026-06-07T22:18:57.898+07:00  INFO 26620 --- [nio-8888-exec-1] o.s.c.c.s.e.NativeEnvironmentRepository  : Adding property source: Config resource 'file [/var/folders/yf/wk08wrc96ms3r73m8679xzpc0000gn/T/config-repo-4762577752738346564/application.yml]' via location 'file:/var/folders/yf/wk08wrc96ms3r73m8679xzpc0000gn/T/config-repo-4762577752738346564/' (document #0)
2026-06-07T22:19:25.841+07:00  INFO 26620 --- [nio-8888-exec-2] o.s.c.c.s.e.NativeEnvironmentRepository  : Adding property source: Config resource 'file [/var/folders/yf/wk08wrc96ms3r73m8679xzpc0000gn/T/config-repo-4762577752738346564/customers-service.yml]' via location 'file:/var/folders/yf/wk08wrc96ms3r73m8679xzpc0000gn/T/config-repo-4762577752738346564/' (document #0)
2026-06-07T22:19:25.843+07:00  INFO 26620 --- [nio-8888-exec-2] o.s.c.c.s.e.NativeEnvironmentRepository  : Adding property source: Config resource 'file [/var/folders/yf/wk08wrc96ms3r73m8679xzpc0000gn/T/config-repo-4762577752738346564/application.yml]' via location 'file:/var/folders/yf/wk08wrc96ms3r73m8679xzpc0000gn/T/config-repo-4762577752738346564/' (document #0)
2026-06-07T22:19:31.426+07:00  INFO 26620 --- [nio-8888-exec-3] o.s.c.c.s.e.NativeEnvironmentRepository  : Adding property source: Config resource 'file [/var/folders/yf/wk08wrc96ms3r73m8679xzpc0000gn/T/config-repo-4762577752738346564/vets-service.yml]' via location 'file:/var/folders/yf/wk08wrc96ms3r73m8679xzpc0000gn/T/config-repo-4762577752738346564/' (document #1)
2026-06-07T22:19:31.426+07:00  INFO 26620 --- [nio-8888-exec-3] o.s.c.c.s.e.NativeEnvironmentRepository  : Adding property source: Config resource 'file [/var/folders/yf/wk08wrc96ms3r73m8679xzpc0000gn/T/config-repo-4762577752738346564/vets-service.yml]' via location 'file:/var/folders/yf/wk08wrc96ms3r73m8679xzpc0000gn/T/config-repo-4762577752738346564/' (document #0)
2026-06-07T22:19:31.426+07:00  INFO 26620 --- [nio-8888-exec-3] o.s.c.c.s.e.NativeEnvironmentRepository  : Adding property source: Config resource 'file [/var/folders/yf/wk08wrc96ms3r73m8679xzpc0000gn/T/config-repo-4762577752738346564/application.yml]' via location 'file:/var/folders/yf/wk08wrc96ms3r73m8679xzpc0000gn/T/config-repo-4762577752738346564/' (document #0)
2026-06-07T22:19:32.243+07:00  INFO 26620 --- [nio-8888-exec-4] o.s.c.c.s.e.NativeEnvironmentRepository  : Adding property source: Config resource 'file [/var/folders/yf/wk08wrc96ms3r73m8679xzpc0000gn/T/config-repo-4762577752738346564/vets-service.yml]' via location 'file:/var/folders/yf/wk08wrc96ms3r73m8679xzpc0000gn/T/config-repo-4762577752738346564/' (document #0)
2026-06-07T22:19:32.243+07:00  INFO 26620 --- [nio-8888-exec-4] o.s.c.c.s.e.NativeEnvironmentRepository  : Adding property source: Config resource 'file [/var/folders/yf/wk08wrc96ms3r73m8679xzpc0000gn/T/config-repo-4762577752738346564/application.yml]' via location 'file:/var/folders/yf/wk08wrc96ms3r73m8679xzpc0000gn/T/config-repo-4762577752738346564/' (document #0)
2026-06-07T22:19:35.387+07:00  INFO 26620 --- [nio-8888-exec-5] o.s.c.c.s.e.NativeEnvironmentRepository  : Adding property source: Config resource 'file [/var/folders/yf/wk08wrc96ms3r73m8679xzpc0000gn/T/config-repo-4762577752738346564/visits-service.yml]' via location 'file:/var/folders/yf/wk08wrc96ms3r73m8679xzpc0000gn/T/config-repo-4762577752738346564/' (document #0)
2026-06-07T22:19:35.387+07:00  INFO 26620 --- [nio-8888-exec-5] o.s.c.c.s.e.NativeEnvironmentRepository  : Adding property source: Config resource 'file [/var/folders/yf/wk08wrc96ms3r73m8679xzpc0000gn/T/config-repo-4762577752738346564/application.yml]' via location 'file:/var/folders/yf/wk08wrc96ms3r73m8679xzpc0000gn/T/config-repo-4762577752738346564/' (document #0)
2026-06-07T22:19:40.475+07:00  INFO 26620 --- [nio-8888-exec-6] o.s.c.c.s.e.NativeEnvironmentRepository  : Adding property source: Config resource 'file [/var/folders/yf/wk08wrc96ms3r73m8679xzpc0000gn/T/config-repo-4762577752738346564/api-gateway.yml]' via location 'file:/var/folders/yf/wk08wrc96ms3r73m8679xzpc0000gn/T/config-repo-4762577752738346564/' (document #0)
2026-06-07T22:19:40.475+07:00  INFO 26620 --- [nio-8888-exec-6] o.s.c.c.s.e.NativeEnvironmentRepository  : Adding property source: Config resource 'file [/var/folders/yf/wk08wrc96ms3r73m8679xzpc0000gn/T/config-repo-4762577752738346564/application.yml]' via location 'file:/var/folders/yf/wk08wrc96ms3r73m8679xzpc0000gn/T/config-repo-4762577752738346564/' (document #0)
