[INFO] Scanning for projects...
[INFO] 
[INFO] --< org.springframework.samples.petclinic.client:spring-petclinic-customers-service >--
[INFO] Building spring-petclinic-customers-service 4.0.1
[INFO]   from pom.xml
[INFO] --------------------------------[ jar ]---------------------------------
[INFO] 
[INFO] >>> spring-boot:4.0.1:run (default-cli) > test-compile @ spring-petclinic-customers-service >>>
[INFO] 
[INFO] --- enforcer:3.6.2:enforce (enforce-java) @ spring-petclinic-customers-service ---
[INFO] Rule 0: org.apache.maven.enforcer.rules.version.RequireJavaVersion passed
[INFO] 
[INFO] --- git-commit-id:9.0.2:revision (default) @ spring-petclinic-customers-service ---
[INFO] dotGitDirectory '/Users/tungdo/Code/Learn/SRE/spring-petclinic-microservices/.git'
[INFO] Collected git.build.user.name with value 
[INFO] Collected git.build.user.email with value 
[INFO] Collected git.branch with value main
[INFO] Collected git.commit.id.describe with value 795fbe1-dirty
[INFO] Collected git.commit.id.describe-short with value 795fbe1-dirty
[INFO] Collected git.commit.id with value 795fbe1833c28e38a04edc174d3f272bb6528069
[INFO] Collected git.commit.id.abbrev with value 795fbe1
[INFO] Collected git.dirty with value true
[INFO] Collected git.commit.user.name with value Tung Do Thanh
[INFO] Collected git.commit.user.email with value tungdo@Tungs-Mac-mini.local
[INFO] Collected git.commit.message.full with value update scripts
[INFO] Collected git.commit.message.short with value update scripts
[INFO] Collected git.commit.time with value 2026-06-07T11:25:21+0700
[INFO] Collected git.commit.author.time with value 2026-06-07T11:25:21+0700
[INFO] Collected git.commit.committer.time with value 2026-06-07T11:25:21+0700
[INFO] Collected git.remote.origin.url with value git@github.com:tungnc2012/spring-petclinic-microservices.git
[INFO] Collected git.tags with value 
[INFO] Collected git.tag with value 
[INFO] Collected git.closest.tag.name with value 
[INFO] Collected git.closest.tag.commit.count with value 
[INFO] Collected git.total.commit.count with value 764
[INFO] Collected git.local.branch.ahead with value 0
[INFO] Collected git.local.branch.behind with value 0
[INFO] Collected git.build.time with value 2026-06-07T22:19:24+0700
[INFO] Collected git.build.version with value 4.0.1
[INFO] Collected git.build.host with value Tungs-Mac-mini.local
[INFO] including property 'git.tags' in results
[INFO] including property 'git.build.version' in results
[INFO] including property 'git.branch' in results
[INFO] including property 'git.build.host' in results
[INFO] including property 'git.commit.id' in results
[INFO] including property 'git.commit.user.email' in results
[INFO] including property 'git.local.branch.behind' in results
[INFO] including property 'git.commit.author.time' in results
[INFO] including property 'git.build.user.name' in results
[INFO] including property 'git.dirty' in results
[INFO] including property 'git.closest.tag.commit.count' in results
[INFO] including property 'git.commit.user.name' in results
[INFO] including property 'git.commit.id.abbrev' in results
[INFO] including property 'git.commit.id.describe-short' in results
[INFO] including property 'git.total.commit.count' in results
[INFO] including property 'git.commit.id.describe' in results
[INFO] including property 'git.build.user.email' in results
[INFO] including property 'git.commit.message.short' in results
[INFO] including property 'git.commit.committer.time' in results
[INFO] including property 'git.tag' in results
[INFO] including property 'git.closest.tag.name' in results
[INFO] including property 'git.local.branch.ahead' in results
[INFO] including property 'git.commit.time' in results
[INFO] including property 'git.build.time' in results
[INFO] including property 'git.commit.message.full' in results
[INFO] including property 'git.remote.origin.url' in results
[INFO] Reading existing properties file [/Users/tungdo/Code/Learn/SRE/spring-petclinic-microservices/spring-petclinic-customers-service/target/classes/git.properties] (for project spring-petclinic-customers-service)...
[INFO] Writing properties file [/Users/tungdo/Code/Learn/SRE/spring-petclinic-microservices/spring-petclinic-customers-service/target/classes/git.properties] (for project spring-petclinic-customers-service)...
[INFO] 
[INFO] --- spring-boot:4.0.1:build-info (default) @ spring-petclinic-customers-service ---
[INFO] 
[INFO] --- resources:3.3.1:resources (default-resources) @ spring-petclinic-customers-service ---
[INFO] Copying 1 resource from src/main/resources to target/classes
[INFO] Copying 5 resources from src/main/resources to target/classes
[INFO] 
[INFO] --- compiler:3.14.1:compile (default-compile) @ spring-petclinic-customers-service ---
[INFO] Nothing to compile - all classes are up to date.
[INFO] 
[INFO] --- resources:3.3.1:testResources (default-testResources) @ spring-petclinic-customers-service ---
[INFO] Copying 1 resource from src/test/resources to target/test-classes
[INFO] 
[INFO] --- compiler:3.14.1:testCompile (default-testCompile) @ spring-petclinic-customers-service ---
[INFO] Nothing to compile - all classes are up to date.
[INFO] 
[INFO] <<< spring-boot:4.0.1:run (default-cli) < test-compile @ spring-petclinic-customers-service <<<
[INFO] 
[INFO] 
[INFO] --- spring-boot:4.0.1:run (default-cli) @ spring-petclinic-customers-service ---
[INFO] Attaching agents: []
22:19:26,946 |-WARN in ch.qos.logback.core.model.processor.ImplicitModelHandler - Ignoring unknown property [jmxConfigurator] in [ch.qos.logback.classic.LoggerContext]

  .   ____          _            __ _ _
 /\\ / ___'_ __ _ _(_)_ __  __ _ \ \ \ \
( ( )\___ | '_ | '_| | '_ \/ _` | \ \ \ \
 \\/  ___)| |_)| | | | | || (_| |  ) ) ) )
  '  |____| .__|_| |_|_| |_\__, | / / / /
 =========|_|==============|___/=/_/_/_/

 :: Spring Boot ::                (v4.0.1)

2026-06-07T22:19:26.994+07:00  INFO 26739 --- [customers-service] [           main] [                                                 ] o.s.s.p.c.CustomersServiceApplication    : Starting CustomersServiceApplication using Java 23.0.2 with PID 26739 (/Users/tungdo/Code/Learn/SRE/spring-petclinic-microservices/spring-petclinic-customers-service/target/classes started by tungdo in /Users/tungdo/Code/Learn/SRE/spring-petclinic-microservices/spring-petclinic-customers-service)
2026-06-07T22:19:26.995+07:00  INFO 26739 --- [customers-service] [           main] [                                                 ] o.s.s.p.c.CustomersServiceApplication    : No active profile set, falling back to 1 default profile: "default"
2026-06-07T22:19:27.010+07:00  INFO 26739 --- [customers-service] [           main] [                                                 ] o.s.c.c.c.ConfigServerConfigDataLoader   : Fetching config from server at : http://localhost:8888/
2026-06-07T22:19:27.010+07:00  INFO 26739 --- [customers-service] [           main] [                                                 ] o.s.c.c.c.ConfigServerConfigDataLoader   : Located environment: name=customers-service, profiles=[default], label=null, version=323993ce2519c6d02df63e08bf4458d123d3b611, state=
2026-06-07T22:19:27.334+07:00  INFO 26739 --- [customers-service] [           main] [                                                 ] .s.d.r.c.RepositoryConfigurationDelegate : Bootstrapping Spring Data JPA repositories in DEFAULT mode.
2026-06-07T22:19:27.390+07:00  INFO 26739 --- [customers-service] [           main] [                                                 ] .s.d.r.c.RepositoryConfigurationDelegate : Finished Spring Data repository scanning in 52 ms. Found 2 JPA repository interfaces.
2026-06-07T22:19:27.495+07:00  INFO 26739 --- [customers-service] [           main] [                                                 ] o.s.cloud.context.scope.GenericScope     : BeanFactory id=915a3209-3627-306d-96ad-ee3ecfe559f4
2026-06-07T22:19:27.728+07:00  INFO 26739 --- [customers-service] [           main] [                                                 ] o.s.boot.tomcat.TomcatWebServer          : Tomcat initialized with port 0 (http)
2026-06-07T22:19:27.733+07:00  INFO 26739 --- [customers-service] [           main] [                                                 ] o.apache.catalina.core.StandardService   : Starting service [Tomcat]
2026-06-07T22:19:27.733+07:00  INFO 26739 --- [customers-service] [           main] [                                                 ] o.apache.catalina.core.StandardEngine    : Starting Servlet engine: [Apache Tomcat/11.0.15]
2026-06-07T22:19:27.751+07:00  INFO 26739 --- [customers-service] [           main] [                                                 ] b.w.c.s.WebApplicationContextInitializer : Root WebApplicationContext: initialization completed in 740 ms
2026-06-07T22:19:27.964+07:00  INFO 26739 --- [customers-service] [           main] [                                                 ] com.zaxxer.hikari.HikariDataSource       : HikariPool-1 - Starting...
2026-06-07T22:19:28.104+07:00  INFO 26739 --- [customers-service] [           main] [                                                 ] com.zaxxer.hikari.pool.PoolBase          : HikariPool-1 - Driver does not support get/set network timeout for connections. (feature not supported)
2026-06-07T22:19:28.104+07:00  INFO 26739 --- [customers-service] [           main] [                                                 ] com.zaxxer.hikari.pool.HikariPool        : HikariPool-1 - Added connection org.hsqldb.jdbc.JDBCConnection@f472245
2026-06-07T22:19:28.104+07:00  INFO 26739 --- [customers-service] [           main] [                                                 ] com.zaxxer.hikari.HikariDataSource       : HikariPool-1 - Start completed.
2026-06-07T22:19:28.194+07:00  INFO 26739 --- [customers-service] [           main] [                                                 ] org.hibernate.orm.jpa                    : HHH008540: Processing PersistenceUnitInfo [name: default]
2026-06-07T22:19:28.224+07:00  INFO 26739 --- [customers-service] [           main] [                                                 ] org.hibernate.orm.core                   : HHH000001: Hibernate ORM core version 7.2.0.Final
2026-06-07T22:19:28.704+07:00  INFO 26739 --- [customers-service] [           main] [                                                 ] o.s.o.j.p.SpringPersistenceUnitInfo      : No LoadTimeWeaver setup: ignoring JPA class transformer
2026-06-07T22:19:28.788+07:00  INFO 26739 --- [customers-service] [           main] [                                                 ] org.hibernate.orm.connections.pooling    : HHH10001005: Database info:
	Database JDBC URL [jdbc:hsqldb:mem:2cc7e416-0f6f-4a86-93ba-cca01c1feef3]
	Database driver: HSQL Database Engine Driver
	Database dialect: HSQLDialect
	Database version: 2.7.3
	Default catalog/schema: PUBLIC/PUBLIC
	Autocommit mode: undefined/unknown
	Isolation level: READ_COMMITTED [default READ_COMMITTED]
	JDBC fetch size: none
	Pool: DataSourceConnectionProvider
	Minimum pool size: undefined/unknown
	Maximum pool size: undefined/unknown
2026-06-07T22:19:28.908+07:00  WARN 26739 --- [customers-service] [           main] [                                                 ] org.hibernate.orm.deprecation            : HHH90000033: Encountered use of deprecated annotation [interface jakarta.persistence.Temporal] at org.springframework.samples.petclinic.customers.model.Pet.birthDate.
2026-06-07T22:19:29.169+07:00  WARN 26739 --- [customers-service] [/api/v2/spans}}] [                                                 ] z.r.i.AsyncReporter$BoundedAsyncReporter : Spans were dropped due to exceptions. All subsequent errors will be logged at FINE level.
2026-06-07T22:19:29.170+07:00  WARN 26739 --- [customers-service] [/api/v2/spans}}] [                                                 ] z.r.i.AsyncReporter$BoundedAsyncReporter : Dropped 45 spans due to ConnectException()

java.net.ConnectException
	at java.net.http/jdk.internal.net.http.HttpClientImpl.send(HttpClientImpl.java:956)
	at java.net.http/jdk.internal.net.http.HttpClientFacade.send(HttpClientFacade.java:133)
	at org.springframework.boot.zipkin.autoconfigure.ZipkinHttpClientSender.postSpans(ZipkinHttpClientSender.java:59)
	at org.springframework.boot.zipkin.autoconfigure.HttpSender.postSpans(HttpSender.java:69)
	at org.springframework.boot.zipkin.autoconfigure.HttpSender.postSpans(HttpSender.java:41)
	at zipkin2.reporter.BaseHttpSender.send(BaseHttpSender.java:123)
	at zipkin2.reporter.internal.AsyncReporter$BoundedAsyncReporter.flush(AsyncReporter.java:266)
	at zipkin2.reporter.internal.AsyncReporter$Flusher.run(AsyncReporter.java:352)
	at java.base/java.lang.Thread.run(Thread.java:1575)
Caused by: java.net.ConnectException
	at java.net.http/jdk.internal.net.http.common.Utils.toConnectException(Utils.java:1082)
	at java.net.http/jdk.internal.net.http.PlainHttpConnection.connectAsync(PlainHttpConnection.java:227)
	at java.net.http/jdk.internal.net.http.PlainHttpConnection.checkRetryConnect(PlainHttpConnection.java:280)
	at java.net.http/jdk.internal.net.http.PlainHttpConnection.lambda$connectAsync$2(PlainHttpConnection.java:238)
	at java.base/java.util.concurrent.CompletableFuture.uniHandle(CompletableFuture.java:978)
	at java.base/java.util.concurrent.CompletableFuture$UniHandle.tryFire(CompletableFuture.java:955)
	at java.base/java.util.concurrent.CompletableFuture.postComplete(CompletableFuture.java:554)
	at java.base/java.util.concurrent.CompletableFuture$AsyncSupply.run(CompletableFuture.java:1817)
	at java.base/java.util.concurrent.ThreadPoolExecutor.runWorker(ThreadPoolExecutor.java:1144)
	at java.base/java.util.concurrent.ThreadPoolExecutor$Worker.run(ThreadPoolExecutor.java:642)
	... 1 common frames omitted
Caused by: java.nio.channels.ClosedChannelException
	at java.base/sun.nio.ch.SocketChannelImpl.ensureOpen(SocketChannelImpl.java:204)
	at java.base/sun.nio.ch.SocketChannelImpl.connect(SocketChannelImpl.java:958)
	at java.net.http/jdk.internal.net.http.PlainHttpConnection.lambda$connectAsync$1(PlainHttpConnection.java:210)
	at java.base/java.security.AccessController.doPrivileged(AccessController.java:571)
	at java.net.http/jdk.internal.net.http.PlainHttpConnection.connectAsync(PlainHttpConnection.java:212)
	... 9 common frames omitted

2026-06-07T22:19:29.460+07:00  INFO 26739 --- [customers-service] [           main] [                                                 ] org.hibernate.orm.core                   : HHH000489: No JTA platform available (set 'hibernate.transaction.jta.platform' to enable JTA platform integration)
2026-06-07T22:19:29.463+07:00  INFO 26739 --- [customers-service] [           main] [                                                 ] j.LocalContainerEntityManagerFactoryBean : Initialized JPA EntityManagerFactory for persistence unit 'default'
2026-06-07T22:19:29.517+07:00  INFO 26739 --- [customers-service] [           main] [                                                 ] o.s.d.j.r.query.QueryEnhancerFactories   : Hibernate is in classpath; If applicable, HQL parser will be used.
2026-06-07T22:19:31.056+07:00  INFO 26739 --- [customers-service] [           main] [                                                 ] o.s.cloud.commons.util.InetUtils         : Cannot determine local hostname
2026-06-07T22:19:32.200+07:00  INFO 26739 --- [customers-service] [           main] [                                                 ] o.s.cloud.commons.util.InetUtils         : Cannot determine local hostname
2026-06-07T22:19:32.219+07:00  INFO 26739 --- [customers-service] [           main] [                                                 ] DiscoveryClientOptionalArgsConfiguration : Eureka HTTP Client uses RestClient.
2026-06-07T22:19:32.240+07:00  WARN 26739 --- [customers-service] [           main] [                                                 ] iguration$LoadBalancerCaffeineWarnLogger : Spring Cloud LoadBalancer is currently working with the default cache. While this cache implementation is useful for development and tests, it's recommended to use Caffeine cache in production.You can switch to using Caffeine cache, by adding it and org.springframework.cache.caffeine.CaffeineCacheManager to the classpath.
2026-06-07T22:19:32.244+07:00  INFO 26739 --- [customers-service] [           main] [                                                 ] o.s.b.a.e.web.EndpointLinksResolver      : Exposing 17 endpoints beneath base path '/actuator'
2026-06-07T22:19:32.279+07:00  INFO 26739 --- [customers-service] [           main] [                                                 ] o.s.boot.tomcat.TomcatWebServer          : Tomcat started on port 62846 (http) with context path '/'
2026-06-07T22:19:32.279+07:00  INFO 26739 --- [customers-service] [           main] [                                                 ] .s.c.n.e.s.EurekaAutoServiceRegistration : Updating port to 62846
2026-06-07T22:19:32.281+07:00  INFO 26739 --- [customers-service] [           main] [                                                 ] o.s.c.n.eureka.InstanceInfoFactory       : Setting initial instance status as: STARTING
2026-06-07T22:19:32.290+07:00  INFO 26739 --- [customers-service] [           main] [                                                 ] com.netflix.discovery.DiscoveryClient    : Initializing Eureka in region us-east-1
2026-06-07T22:19:32.292+07:00  INFO 26739 --- [customers-service] [           main] [                                                 ] c.n.d.s.r.aws.ConfigClusterResolver      : Resolving eureka endpoints via configuration
2026-06-07T22:19:32.294+07:00  INFO 26739 --- [customers-service] [           main] [                                                 ] com.netflix.discovery.DiscoveryClient    : Disable delta property : false
2026-06-07T22:19:32.295+07:00  INFO 26739 --- [customers-service] [           main] [                                                 ] com.netflix.discovery.DiscoveryClient    : Single vip registry refresh property : null
2026-06-07T22:19:32.295+07:00  INFO 26739 --- [customers-service] [           main] [                                                 ] com.netflix.discovery.DiscoveryClient    : Force full registry fetch : false
2026-06-07T22:19:32.295+07:00  INFO 26739 --- [customers-service] [           main] [                                                 ] com.netflix.discovery.DiscoveryClient    : Application is null : false
2026-06-07T22:19:32.295+07:00  INFO 26739 --- [customers-service] [           main] [                                                 ] com.netflix.discovery.DiscoveryClient    : Registered Applications size is zero : true
2026-06-07T22:19:32.295+07:00  INFO 26739 --- [customers-service] [           main] [                                                 ] com.netflix.discovery.DiscoveryClient    : Application version is -1: true
2026-06-07T22:19:32.295+07:00  INFO 26739 --- [customers-service] [           main] [                                                 ] com.netflix.discovery.DiscoveryClient    : Getting all instance registry info from the eureka server
2026-06-07T22:19:32.460+07:00  INFO 26739 --- [customers-service] [           main] [                                                 ] com.netflix.discovery.DiscoveryClient    : The response status is 200
2026-06-07T22:19:32.461+07:00  INFO 26739 --- [customers-service] [           main] [                                                 ] com.netflix.discovery.DiscoveryClient    : Starting heartbeat executor: renew interval is: 30
2026-06-07T22:19:32.462+07:00  INFO 26739 --- [customers-service] [           main] [                                                 ] c.n.discovery.InstanceInfoReplicator     : InstanceInfoReplicator onDemand update allowed rate per min is 4
2026-06-07T22:19:32.462+07:00  INFO 26739 --- [customers-service] [           main] [                                                 ] com.netflix.discovery.DiscoveryClient    : Discovery Client initialized at timestamp 1780845572462 with initial instances count: 0
2026-06-07T22:19:32.465+07:00  INFO 26739 --- [customers-service] [           main] [                                                 ] o.s.c.n.e.s.EurekaServiceRegistry        : Registering application CUSTOMERS-SERVICE with eureka with status UP
2026-06-07T22:19:32.465+07:00  INFO 26739 --- [customers-service] [           main] [                                                 ] com.netflix.discovery.DiscoveryClient    : Saw local status change event StatusChangeEvent [timestamp=1780845572465, current=UP, previous=STARTING]
2026-06-07T22:19:32.465+07:00  INFO 26739 --- [customers-service] [foReplicator-%d] [                                                 ] com.netflix.discovery.DiscoveryClient    : DiscoveryClient_CUSTOMERS-SERVICE/customers-service:a049777d-f36b-4497-aa77-5e8de9697409: registering service...
2026-06-07T22:19:32.520+07:00  INFO 26739 --- [customers-service] [foReplicator-%d] [                                                 ] com.netflix.discovery.DiscoveryClient    : DiscoveryClient_CUSTOMERS-SERVICE/customers-service:a049777d-f36b-4497-aa77-5e8de9697409 - registration status: 204
2026-06-07T22:19:33.471+07:00  INFO 26739 --- [customers-service] [           main] [                                                 ] o.s.cloud.commons.util.InetUtils         : Cannot determine local hostname
2026-06-07T22:19:33.482+07:00  INFO 26739 --- [customers-service] [           main] [                                                 ] o.s.s.p.c.CustomersServiceApplication    : Started CustomersServiceApplication in 8.668 seconds (process running for 8.854)
2026-06-07T22:20:02.467+07:00  INFO 26739 --- [customers-service] [reshExecutor-%d] [                                                 ] com.netflix.discovery.DiscoveryClient    : Disable delta property : false
2026-06-07T22:20:02.470+07:00  INFO 26739 --- [customers-service] [reshExecutor-%d] [                                                 ] com.netflix.discovery.DiscoveryClient    : Single vip registry refresh property : null
2026-06-07T22:20:02.470+07:00  INFO 26739 --- [customers-service] [reshExecutor-%d] [                                                 ] com.netflix.discovery.DiscoveryClient    : Force full registry fetch : false
2026-06-07T22:20:02.470+07:00  INFO 26739 --- [customers-service] [reshExecutor-%d] [                                                 ] com.netflix.discovery.DiscoveryClient    : Application is null : false
2026-06-07T22:20:02.470+07:00  INFO 26739 --- [customers-service] [reshExecutor-%d] [                                                 ] com.netflix.discovery.DiscoveryClient    : Registered Applications size is zero : true
2026-06-07T22:20:02.470+07:00  INFO 26739 --- [customers-service] [reshExecutor-%d] [                                                 ] com.netflix.discovery.DiscoveryClient    : Application version is -1: false
2026-06-07T22:20:02.470+07:00  INFO 26739 --- [customers-service] [reshExecutor-%d] [                                                 ] com.netflix.discovery.DiscoveryClient    : Getting all instance registry info from the eureka server
2026-06-07T22:20:02.490+07:00  INFO 26739 --- [customers-service] [reshExecutor-%d] [                                                 ] com.netflix.discovery.DiscoveryClient    : The response status is 200
2026-06-07T22:24:32.301+07:00  INFO 26739 --- [customers-service] [rap-executor-%d] [                                                 ] c.n.d.s.r.aws.ConfigClusterResolver      : Resolving eureka endpoints via configuration
2026-06-07T22:29:32.306+07:00  INFO 26739 --- [customers-service] [rap-executor-%d] [                                                 ] c.n.d.s.r.aws.ConfigClusterResolver      : Resolving eureka endpoints via configuration
2026-06-07T22:34:32.314+07:00  INFO 26739 --- [customers-service] [rap-executor-%d] [                                                 ] c.n.d.s.r.aws.ConfigClusterResolver      : Resolving eureka endpoints via configuration
2026-06-07T22:39:32.322+07:00  INFO 26739 --- [customers-service] [rap-executor-%d] [                                                 ] c.n.d.s.r.aws.ConfigClusterResolver      : Resolving eureka endpoints via configuration
2026-06-07T22:44:32.330+07:00  INFO 26739 --- [customers-service] [rap-executor-%d] [                                                 ] c.n.d.s.r.aws.ConfigClusterResolver      : Resolving eureka endpoints via configuration
2026-06-07T22:49:23.292+07:00  INFO 26739 --- [customers-service] [o-auto-1-exec-1] [                                                 ] o.a.c.c.C.[Tomcat].[localhost].[/]       : Initializing Spring DispatcherServlet 'dispatcherServlet'
2026-06-07T22:49:23.293+07:00  INFO 26739 --- [customers-service] [o-auto-1-exec-1] [                                                 ] o.s.web.servlet.DispatcherServlet        : Initializing Servlet 'dispatcherServlet'
2026-06-07T22:49:23.296+07:00  INFO 26739 --- [customers-service] [o-auto-1-exec-1] [                                                 ] o.s.web.servlet.DispatcherServlet        : Completed initialization in 3 ms
2026-06-07T22:49:32.335+07:00  INFO 26739 --- [customers-service] [rap-executor-%d] [                                                 ] c.n.d.s.r.aws.ConfigClusterResolver      : Resolving eureka endpoints via configuration
2026-06-07T22:54:32.342+07:00  INFO 26739 --- [customers-service] [rap-executor-%d] [                                                 ] c.n.d.s.r.aws.ConfigClusterResolver      : Resolving eureka endpoints via configuration
